2026-03-06 10:25:03,603 | INFO | Starting Assignment 02 - Event Log Process Mining
2026-03-06 10:25:03,604 | INFO | Loading event log...
2026-03-06 10:25:04,304 | INFO | Dataset loaded: (180000, 14)
2026-03-06 10:25:04,305 | INFO | Building process graph...
2026-03-06 10:25:07,828 | INFO | Graph nodes: 6
2026-03-06 10:25:07,828 | INFO | Graph edges: 20
2026-03-06 10:25:07,828 | INFO | Computing process metrics...
2026-03-06 10:25:08,048 | INFO | Metrics saved: outputs/run_20260306_102503/process_metrics.csv
2026-03-06 10:25:08,048 | INFO | Exporting process transitions...
2026-03-06 10:25:08,051 | INFO | Transitions saved: outputs/run_20260306_102503/process_transitions.csv
2026-03-06 10:25:08,051 | INFO | Drawing process graph...
2026-03-06 10:25:08,914 | INFO | Graph image saved: outputs/run_20260306_102503/process_graph.png
2026-03-06 10:25:08,914 | INFO | Assignment 02 completed successfully
2026-03-06 10:52:33,506 | INFO | Starting Assignment 02 - Event Log Process Mining
2026-03-06 10:52:33,506 | INFO | Loading event log...
2026-03-06 10:52:34,292 | INFO | Dataset loaded: (180000, 14)
2026-03-06 10:52:34,292 | INFO | Building process graph...
2026-03-06 10:52:37,523 | INFO | Graph nodes: 6
2026-03-06 10:52:37,523 | INFO | Graph edges: 20
2026-03-06 10:52:37,523 | INFO | Computing process metrics...
2026-03-06 10:52:37,727 | INFO | Metrics saved: outputs\run\process_metrics.csv
2026-03-06 10:52:37,727 | INFO | Exporting process transitions...
2026-03-06 10:52:37,730 | INFO | Transitions saved: outputs\run\process_transitions.csv
2026-03-06 10:52:37,730 | INFO | Computing top process traces...
2026-03-06 10:52:38,545 | INFO | Top traces saved: outputs\run\top_traces.csv
2026-03-06 10:52:38,551 | INFO | Trace frequency: 29265
2026-03-06 10:52:38,551 | INFO | Drawing process graph...
2026-03-06 10:52:39,590 | INFO | Process graph saved
2026-03-06 10:52:39,590 | INFO | Building social network...
2026-03-06 11:25:28,782 | INFO | Starting Assignment 02 - Event Log Process Mining
2026-03-06 11:25:28,782 | INFO | Loading event log...
2026-03-06 11:25:29,522 | INFO | Dataset loaded: (180000, 14)
2026-03-06 11:25:29,522 | INFO | Building process graph...
2026-03-06 11:25:32,781 | INFO | Graph nodes: 6
2026-03-06 11:25:32,781 | INFO | Graph edges: 20
2026-03-06 11:25:32,781 | INFO | Computing process metrics...
2026-03-06 11:25:32,987 | INFO | Metrics saved: outputs\run\process_metrics.csv
2026-03-06 11:25:32,987 | INFO | Exporting process transitions...
2026-03-06 11:25:32,990 | INFO | Transitions saved: outputs\run\process_transitions.csv
2026-03-06 11:25:32,991 | INFO | Computing top process traces...
2026-03-06 11:25:33,753 | INFO | Top traces saved: outputs\run\top_traces.csv
2026-03-06 11:25:33,754 | INFO | Most common trace: First Notification of Loss (FNOL) -> Assign Claim -> Claim Decision -> Set Reserve -> Payment Sent -> Close Claim
2026-03-06 11:25:33,754 | INFO | Trace frequency: 29265
2026-03-06 11:25:33,754 | INFO | Drawing process graph...
2026-03-06 11:25:34,623 | INFO | Process graph saved
2026-03-06 11:25:34,623 | INFO | Assignment 02 completed successfully
2026-03-06 11:32:20,927 | INFO | Starting Assignment 02 - Event Log Process Mining
2026-03-06 11:32:20,927 | INFO | Loading event log...
2026-03-06 11:32:21,714 | INFO | Dataset loaded: (180000, 14)
2026-03-06 11:32:21,714 | INFO | Building process graph...
2026-03-06 11:32:25,326 | INFO | Graph nodes: 6
2026-03-06 11:32:25,326 | INFO | Graph edges: 20
2026-03-06 11:32:25,326 | INFO | Computing process metrics...
2026-03-06 11:32:25,542 | INFO | Metrics saved: outputs\run\process_metrics.csv
2026-03-06 11:32:25,688 | INFO | PageRank chart saved: outputs\run\activity_pagerank_chart.png
2026-03-06 11:32:25,688 | INFO | Exporting process transitions...
2026-03-06 11:32:25,690 | INFO | Transitions saved: outputs\run\process_transitions.csv
2026-03-06 11:32:25,691 | INFO | Computing top process traces...
2026-03-06 11:32:26,577 | INFO | Top traces saved: outputs\run\top_traces.csv
2026-03-06 11:32:26,577 | INFO | Most common trace: First Notification of Loss (FNOL) -> Assign Claim -> Claim Decision -> Set Reserve -> Payment Sent -> Close Claim
2026-03-06 11:32:26,577 | INFO | Trace frequency: 29265
2026-03-06 11:32:26,577 | INFO | Drawing process graph...
2026-03-06 11:32:27,457 | INFO | Process graph saved
2026-03-06 11:32:27,457 | INFO | Assignment 02 completed successfully
2026-03-06 15:13:09,576 | INFO | Starting Assignment 02 - Event Log Process Mining
2026-03-06 15:13:09,577 | INFO | Loading event log...
2026-03-06 15:13:10,339 | INFO | Dataset loaded: (180000, 14)
2026-03-06 15:13:10,339 | INFO | Building process graph...
2026-03-06 15:13:13,639 | INFO | Graph nodes: 6
2026-03-06 15:13:13,639 | INFO | Graph edges: 20
2026-03-06 15:13:13,639 | INFO | Computing process metrics...
2026-03-06 15:13:14,121 | INFO | Metrics saved: outputs\run\process_metrics.csv
2026-03-06 15:13:14,262 | INFO | PageRank chart saved: outputs\run\activity_pagerank_chart.png
2026-03-06 15:13:14,262 | INFO | Exporting process transitions...
2026-03-06 15:13:14,265 | INFO | Transitions saved: outputs\run\process_transitions.csv
2026-03-06 15:13:14,265 | INFO | Computing top process traces...
2026-03-06 15:13:15,063 | INFO | Top traces saved: outputs\run\top_traces.csv
2026-03-06 15:13:15,063 | INFO | Most common trace: First Notification of Loss (FNOL) -> Assign Claim -> Claim Decision -> Set Reserve -> Payment Sent -> Close Claim
2026-03-06 15:13:15,063 | INFO | Trace frequency: 29265
2026-03-06 15:13:15,063 | INFO | Drawing process graph...
2026-03-06 15:13:15,906 | INFO | Process graph saved
2026-03-06 15:13:15,906 | INFO | Building handover social network...
2026-03-06 15:13:28,669 | INFO | Resource event log saved: outputs\run\resource_event_log.csv
2026-03-06 15:13:28,802 | INFO | Resource transitions saved: outputs\run\resource_transitions.csv
2026-03-06 15:13:28,802 | INFO | Computing social network metrics...
2026-03-06 15:32:40,770 | INFO | Starting Assignment 02 - Event Log Process Mining
2026-03-06 15:32:40,770 | INFO | Loading event log...
2026-03-06 15:32:41,465 | INFO | Dataset loaded: (180000, 14)
2026-03-06 15:32:41,465 | INFO | Building process graph...
2026-03-06 15:32:44,652 | INFO | Graph nodes: 6
2026-03-06 15:32:44,652 | INFO | Graph edges: 20
2026-03-06 15:32:44,652 | INFO | Computing process metrics...
2026-03-06 15:32:44,861 | INFO | Metrics saved: outputs\run\process_metrics.csv
2026-03-06 15:32:45,006 | INFO | PageRank chart saved: outputs\run\activity_pagerank_chart.png
2026-03-06 15:32:45,006 | INFO | Exporting process transitions...
2026-03-06 15:32:45,008 | INFO | Transitions saved: outputs\run\process_transitions.csv
2026-03-06 15:32:45,008 | INFO | Computing top process traces...
2026-03-06 15:32:45,769 | INFO | Top traces saved: outputs\run\top_traces.csv
2026-03-06 15:32:45,769 | INFO | Most common trace: First Notification of Loss (FNOL) -> Assign Claim -> Claim Decision -> Set Reserve -> Payment Sent -> Close Claim
2026-03-06 15:32:45,769 | INFO | Trace frequency: 29265
2026-03-06 15:32:45,769 | INFO | Drawing process graph...
2026-03-06 15:32:46,645 | INFO | Process graph saved
2026-03-06 15:32:46,645 | INFO | Building handover social network...
2026-03-06 15:32:58,503 | INFO | Resource event log saved: outputs\run\resource_event_log.csv
2026-03-06 15:32:58,653 | INFO | Resource transitions saved: outputs\run\resource_transitions.csv
2026-03-06 15:32:58,654 | INFO | Computing social network metrics...
2026-03-06 16:30:06,335 | INFO | Starting Assignment 02 - Event Log Process Mining
2026-03-06 16:30:06,336 | INFO | Loading event log...
2026-03-06 16:30:07,042 | INFO | Dataset loaded: (180000, 14)
2026-03-06 16:30:07,042 | INFO | Building process graph...
2026-03-06 16:30:14,987 | INFO | Starting Assignment 02 - Event Log Process Mining
2026-03-06 16:30:14,988 | INFO | Loading event log...
2026-03-06 16:30:15,701 | INFO | Dataset loaded: (180000, 14)
2026-03-06 16:30:15,701 | INFO | Building process graph...
2026-03-06 16:30:19,154 | INFO | Graph nodes: 6
2026-03-06 16:30:19,154 | INFO | Graph edges: 20
2026-03-06 16:30:19,154 | INFO | Computing process metrics...
2026-03-06 16:30:19,403 | INFO | Metrics saved: outputs\run\process_metrics.csv
2026-03-06 16:30:19,567 | INFO | PageRank chart saved: outputs\run\activity_pagerank_chart.png
2026-03-06 16:30:19,567 | INFO | Exporting process transitions...
2026-03-06 16:30:19,569 | INFO | Transitions saved: outputs\run\process_transitions.csv
2026-03-06 16:30:19,569 | INFO | Computing top process traces...
2026-03-06 16:30:20,495 | INFO | Top traces saved: outputs\run\top_traces.csv
2026-03-06 16:30:20,495 | INFO | Most common trace: First Notification of Loss (FNOL) -> Assign Claim -> Claim Decision -> Set Reserve -> Payment Sent -> Close Claim
2026-03-06 16:30:20,495 | INFO | Trace frequency: 29265
2026-03-06 16:30:20,495 | INFO | Drawing process graph...
2026-03-06 16:30:21,438 | INFO | Process graph saved
2026-03-06 16:30:21,438 | INFO | Building handover social network...
2026-03-06 16:30:34,970 | INFO | Resource event log saved: outputs\run\resource_event_log.csv
2026-03-06 16:30:35,108 | INFO | Resource transitions saved: outputs\run\resource_transitions.csv
2026-03-06 16:30:35,108 | INFO | Computing social network metrics...
